<?xml version="1.0" encoding="UTF-8"?>
<testsuite xmlns:xsi="http://www.w3.org/2001/XMLSchema-instance" xsi:noNamespaceSchemaLocation="https://maven.apache.org/surefire/maven-surefire-plugin/xsd/surefire-test-report.xsd" name="com.mosaiker.adminservice.controller.UserManageTest" time="0.594" tests="2" errors="0" skipped="0" failures="0">
  <properties>
[...]
</properties>
  <testcase name="testFindAllUser" classname="com.mosaiker.adminservice.controller.UserManageTest" time="0.315"/>
  <testcase name="testChangeStatus" classname="com.mosaiker.adminservice.controller.UserManageTest" time="0.266"/>
</testsuite>